{"D:\\Project\\Fernan\\pos\\src\\controllers\\auth.controller.js": {"path":"D:\\Project\\Fernan\\pos\\src\\controllers\\auth.controller.js","statementMap":{"0":{"start":{"line":1,"column":12},"end":{"line":1,"column":35}},"1":{"start":{"line":2,"column":15},"end":{"line":2,"column":32}},"2":{"start":{"line":3,"column":15},"end":{"line":3,"column":38}},"3":{"start":{"line":6,"column":17},"end":{"line":48,"column":1}},"4":{"start":{"line":7,"column":4},"end":{"line":47,"column":5}},"5":{"start":{"line":8,"column":48},"end":{"line":8,"column":56}},"6":{"start":{"line":10,"column":8},"end":{"line":12,"column":9}},"7":{"start":{"line":11,"column":12},"end":{"line":11,"column":113}},"8":{"start":{"line":15,"column":27},"end":{"line":15,"column":61}},"9":{"start":{"line":16,"column":8},"end":{"line":18,"column":9}},"10":{"start":{"line":17,"column":13},"end":{"line":17,"column":95}},"11":{"start":{"line":20,"column":29},"end":{"line":20,"column":79}},"12":{"start":{"line":21,"column":8},"end":{"line":23,"column":9}},"13":{"start":{"line":22,"column":12},"end":{"line":22,"column":92}},"14":{"start":{"line":25,"column":21},"end":{"line":25,"column":45}},"15":{"start":{"line":26,"column":29},"end":{"line":26,"column":62}},"16":{"start":{"line":28,"column":24},"end":{"line":35,"column":10}},"17":{"start":{"line":38,"column":8},"end":{"line":38,"column":37}},"18":{"start":{"line":40,"column":8},"end":{"line":44,"column":11}},"19":{"start":{"line":46,"column":8},"end":{"line":46,"column":20}},"20":{"start":{"line":51,"column":14},"end":{"line":93,"column":1}},"21":{"start":{"line":52,"column":4},"end":{"line":92,"column":5}},"22":{"start":{"line":53,"column":36},"end":{"line":53,"column":44}},"23":{"start":{"line":55,"column":8},"end":{"line":57,"column":9}},"24":{"start":{"line":56,"column":12},"end":{"line":56,"column":106}},"25":{"start":{"line":59,"column":21},"end":{"line":59,"column":71}},"26":{"start":{"line":61,"column":8},"end":{"line":63,"column":9}},"27":{"start":{"line":62,"column":12},"end":{"line":62,"column":98}},"28":{"start":{"line":65,"column":24},"end":{"line":65,"column":69}},"29":{"start":{"line":66,"column":8},"end":{"line":68,"column":9}},"30":{"start":{"line":67,"column":12},"end":{"line":67,"column":98}},"31":{"start":{"line":70,"column":24},"end":{"line":74,"column":9}},"32":{"start":{"line":76,"column":22},"end":{"line":76,"column":84}},"33":{"start":{"line":78,"column":8},"end":{"line":88,"column":11}},"34":{"start":{"line":91,"column":8},"end":{"line":91,"column":20}},"35":{"start":{"line":95,"column":0},"end":{"line":98,"column":2}}},"fnMap":{"0":{"name":"(anonymous_0)","decl":{"start":{"line":6,"column":17},"end":{"line":6,"column":18}},"loc":{"start":{"line":6,"column":43},"end":{"line":48,"column":1}},"line":6},"1":{"name":"(anonymous_1)","decl":{"start":{"line":51,"column":14},"end":{"line":51,"column":15}},"loc":{"start":{"line":51,"column":40},"end":{"line":93,"column":1}},"line":51}},"branchMap":{"0":{"loc":{"start":{"line":10,"column":8},"end":{"line":12,"column":9}},"type":"if","locations":[{"start":{"line":10,"column":8},"end":{"line":12,"column":9}},{"start":{},"end":{}}],"line":10},"1":{"loc":{"start":{"line":10,"column":12},"end":{"line":10,"column":40}},"type":"binary-expr","locations":[{"start":{"line":10,"column":12},"end":{"line":10,"column":18}},{"start":{"line":10,"column":22},"end":{"line":10,"column":31}},{"start":{"line":10,"column":35},"end":{"line":10,"column":40}}],"line":10},"2":{"loc":{"start":{"line":16,"column":8},"end":{"line":18,"column":9}},"type":"if","locations":[{"start":{"line":16,"column":8},"end":{"line":18,"column":9}},{"start":{},"end":{}}],"line":16},"3":{"loc":{"start":{"line":16,"column":12},"end":{"line":16,"column":46}},"type":"binary-expr","locations":[{"start":{"line":16,"column":12},"end":{"line":16,"column":16}},{"start":{"line":16,"column":20},"end":{"line":16,"column":46}}],"line":16},"4":{"loc":{"start":{"line":21,"column":8},"end":{"line":23,"column":9}},"type":"if","locations":[{"start":{"line":21,"column":8},"end":{"line":23,"column":9}},{"start":{},"end":{}}],"line":21},"5":{"loc":{"start":{"line":33,"column":22},"end":{"line":33,"column":39}},"type":"binary-expr","locations":[{"start":{"line":33,"column":22},"end":{"line":33,"column":26}},{"start":{"line":33,"column":30},"end":{"line":33,"column":39}}],"line":33},"6":{"loc":{"start":{"line":55,"column":8},"end":{"line":57,"column":9}},"type":"if","locations":[{"start":{"line":55,"column":8},"end":{"line":57,"column":9}},{"start":{},"end":{}}],"line":55},"7":{"loc":{"start":{"line":55,"column":12},"end":{"line":55,"column":31}},"type":"binary-expr","locations":[{"start":{"line":55,"column":12},"end":{"line":55,"column":18}},{"start":{"line":55,"column":22},"end":{"line":55,"column":31}}],"line":55},"8":{"loc":{"start":{"line":61,"column":8},"end":{"line":63,"column":9}},"type":"if","locations":[{"start":{"line":61,"column":8},"end":{"line":63,"column":9}},{"start":{},"end":{}}],"line":61},"9":{"loc":{"start":{"line":66,"column":8},"end":{"line":68,"column":9}},"type":"if","locations":[{"start":{"line":66,"column":8},"end":{"line":68,"column":9}},{"start":{},"end":{}}],"line":66}},"s":{"0":1,"1":1,"2":1,"3":1,"4":2,"5":2,"6":2,"7":0,"8":2,"9":2,"10":0,"11":2,"12":2,"13":1,"14":1,"15":1,"16":1,"17":1,"18":1,"19":0,"20":1,"21":2,"22":2,"23":2,"24":0,"25":2,"26":2,"27":1,"28":1,"29":1,"30":0,"31":1,"32":1,"33":1,"34":0,"35":1},"f":{"0":2,"1":2},"b":{"0":[0,2],"1":[2,2,2],"2":[0,2],"3":[2,0],"4":[1,1],"5":[1,1],"6":[0,2],"7":[2,2],"8":[1,1],"9":[0,1]},"_coverageSchema":"1a1c01bbd47fc00a2c39e90264f33305004495a9","hash":"1b1c8d5f2750ae285f966a983a673d57adf6a3f7"}
,"D:\\Project\\Fernan\\pos\\src\\controllers\\product.controller.js": {"path":"D:\\Project\\Fernan\\pos\\src\\controllers\\product.controller.js","statementMap":{"0":{"start":{"line":1,"column":15},"end":{"line":1,"column":38}},"1":{"start":{"line":4,"column":20},"end":{"line":55,"column":1}},"2":{"start":{"line":5,"column":4},"end":{"line":54,"column":5}},"3":{"start":{"line":13,"column":12},"end":{"line":13,"column":21}},"4":{"start":{"line":15,"column":24},"end":{"line":15,"column":51}},"5":{"start":{"line":16,"column":25},"end":{"line":16,"column":68}},"6":{"start":{"line":17,"column":21},"end":{"line":17,"column":45}},"7":{"start":{"line":20,"column":22},"end":{"line":20,"column":24}},"8":{"start":{"line":21,"column":8},"end":{"line":21,"column":54}},"9":{"start":{"line":21,"column":24},"end":{"line":21,"column":54}},"10":{"start":{"line":22,"column":8},"end":{"line":24,"column":9}},"11":{"start":{"line":23,"column":12},"end":{"line":23,"column":67}},"12":{"start":{"line":27,"column":34},"end":{"line":27,"column":73}},"13":{"start":{"line":28,"column":26},"end":{"line":28,"column":83}},"14":{"start":{"line":29,"column":26},"end":{"line":29,"column":58}},"15":{"start":{"line":31,"column":34},"end":{"line":40,"column":10}},"16":{"start":{"line":42,"column":8},"end":{"line":51,"column":11}},"17":{"start":{"line":53,"column":8},"end":{"line":53,"column":20}},"18":{"start":{"line":58,"column":22},"end":{"line":79,"column":1}},"19":{"start":{"line":59,"column":4},"end":{"line":78,"column":5}},"20":{"start":{"line":60,"column":61},"end":{"line":60,"column":69}},"21":{"start":{"line":63,"column":25},"end":{"line":63,"column":88}},"22":{"start":{"line":64,"column":8},"end":{"line":66,"column":9}},"23":{"start":{"line":65,"column":12},"end":{"line":65,"column":91}},"24":{"start":{"line":68,"column":27},"end":{"line":70,"column":10}},"25":{"start":{"line":72,"column":8},"end":{"line":72,"column":107}},"26":{"start":{"line":74,"column":8},"end":{"line":76,"column":9}},"27":{"start":{"line":75,"column":12},"end":{"line":75,"column":112}},"28":{"start":{"line":77,"column":8},"end":{"line":77,"column":20}},"29":{"start":{"line":82,"column":22},"end":{"line":108,"column":1}},"30":{"start":{"line":83,"column":4},"end":{"line":107,"column":5}},"31":{"start":{"line":84,"column":23},"end":{"line":84,"column":33}},"32":{"start":{"line":85,"column":61},"end":{"line":85,"column":69}},"33":{"start":{"line":87,"column":31},"end":{"line":96,"column":10}},"34":{"start":{"line":98,"column":8},"end":{"line":98,"column":111}},"35":{"start":{"line":100,"column":8},"end":{"line":102,"column":9}},"36":{"start":{"line":101,"column":12},"end":{"line":101,"column":90}},"37":{"start":{"line":103,"column":8},"end":{"line":105,"column":9}},"38":{"start":{"line":104,"column":12},"end":{"line":104,"column":112}},"39":{"start":{"line":106,"column":8},"end":{"line":106,"column":20}},"40":{"start":{"line":111,"column":22},"end":{"line":122,"column":1}},"41":{"start":{"line":112,"column":4},"end":{"line":121,"column":5}},"42":{"start":{"line":113,"column":23},"end":{"line":113,"column":33}},"43":{"start":{"line":114,"column":8},"end":{"line":114,"column":55}},"44":{"start":{"line":115,"column":8},"end":{"line":115,"column":89}},"45":{"start":{"line":117,"column":8},"end":{"line":119,"column":9}},"46":{"start":{"line":118,"column":12},"end":{"line":118,"column":90}},"47":{"start":{"line":120,"column":8},"end":{"line":120,"column":20}},"48":{"start":{"line":124,"column":0},"end":{"line":129,"column":2}}},"fnMap":{"0":{"name":"(anonymous_0)","decl":{"start":{"line":4,"column":20},"end":{"line":4,"column":21}},"loc":{"start":{"line":4,"column":46},"end":{"line":55,"column":1}},"line":4},"1":{"name":"(anonymous_1)","decl":{"start":{"line":58,"column":22},"end":{"line":58,"column":23}},"loc":{"start":{"line":58,"column":48},"end":{"line":79,"column":1}},"line":58},"2":{"name":"(anonymous_2)","decl":{"start":{"line":82,"column":22},"end":{"line":82,"column":23}},"loc":{"start":{"line":82,"column":48},"end":{"line":108,"column":1}},"line":82},"3":{"name":"(anonymous_3)","decl":{"start":{"line":111,"column":22},"end":{"line":111,"column":23}},"loc":{"start":{"line":111,"column":48},"end":{"line":122,"column":1}},"line":111}},"branchMap":{"0":{"loc":{"start":{"line":9,"column":12},"end":{"line":9,"column":20}},"type":"default-arg","locations":[{"start":{"line":9,"column":19},"end":{"line":9,"column":20}}],"line":9},"1":{"loc":{"start":{"line":10,"column":12},"end":{"line":10,"column":22}},"type":"default-arg","locations":[{"start":{"line":10,"column":20},"end":{"line":10,"column":22}}],"line":10},"2":{"loc":{"start":{"line":11,"column":12},"end":{"line":11,"column":32}},"type":"default-arg","locations":[{"start":{"line":11,"column":21},"end":{"line":11,"column":32}}],"line":11},"3":{"loc":{"start":{"line":12,"column":12},"end":{"line":12,"column":26}},"type":"default-arg","locations":[{"start":{"line":12,"column":20},"end":{"line":12,"column":26}}],"line":12},"4":{"loc":{"start":{"line":21,"column":8},"end":{"line":21,"column":54}},"type":"if","locations":[{"start":{"line":21,"column":8},"end":{"line":21,"column":54}},{"start":{},"end":{}}],"line":21},"5":{"loc":{"start":{"line":22,"column":8},"end":{"line":24,"column":9}},"type":"if","locations":[{"start":{"line":22,"column":8},"end":{"line":24,"column":9}},{"start":{},"end":{}}],"line":22},"6":{"loc":{"start":{"line":28,"column":26},"end":{"line":28,"column":83}},"type":"cond-expr","locations":[{"start":{"line":28,"column":63},"end":{"line":28,"column":69}},{"start":{"line":28,"column":72},"end":{"line":28,"column":83}}],"line":28},"7":{"loc":{"start":{"line":29,"column":26},"end":{"line":29,"column":58}},"type":"cond-expr","locations":[{"start":{"line":29,"column":44},"end":{"line":29,"column":49}},{"start":{"line":29,"column":52},"end":{"line":29,"column":58}}],"line":29},"8":{"loc":{"start":{"line":64,"column":8},"end":{"line":66,"column":9}},"type":"if","locations":[{"start":{"line":64,"column":8},"end":{"line":66,"column":9}},{"start":{},"end":{}}],"line":64},"9":{"loc":{"start":{"line":69,"column":40},"end":{"line":69,"column":50}},"type":"binary-expr","locations":[{"start":{"line":69,"column":40},"end":{"line":69,"column":45}},{"start":{"line":69,"column":49},"end":{"line":69,"column":50}}],"line":69},"10":{"loc":{"start":{"line":74,"column":8},"end":{"line":76,"column":9}},"type":"if","locations":[{"start":{"line":74,"column":8},"end":{"line":76,"column":9}},{"start":{},"end":{}}],"line":74},"11":{"loc":{"start":{"line":100,"column":8},"end":{"line":102,"column":9}},"type":"if","locations":[{"start":{"line":100,"column":8},"end":{"line":102,"column":9}},{"start":{},"end":{}}],"line":100},"12":{"loc":{"start":{"line":103,"column":8},"end":{"line":105,"column":9}},"type":"if","locations":[{"start":{"line":103,"column":8},"end":{"line":105,"column":9}},{"start":{},"end":{}}],"line":103},"13":{"loc":{"start":{"line":117,"column":8},"end":{"line":119,"column":9}},"type":"if","locations":[{"start":{"line":117,"column":8},"end":{"line":119,"column":9}},{"start":{},"end":{}}],"line":117}},"s":{"0":1,"1":1,"2":2,"3":2,"4":2,"5":2,"6":2,"7":2,"8":2,"9":0,"10":2,"11":1,"12":2,"13":2,"14":2,"15":2,"16":2,"17":0,"18":1,"19":2,"20":2,"21":2,"22":2,"23":1,"24":1,"25":1,"26":0,"27":0,"28":0,"29":1,"30":0,"31":0,"32":0,"33":0,"34":0,"35":0,"36":0,"37":0,"38":0,"39":0,"40":1,"41":2,"42":2,"43":2,"44":1,"45":1,"46":1,"47":0,"48":1},"f":{"0":2,"1":2,"2":0,"3":2},"b":{"0":[2],"1":[2],"2":[2],"3":[2],"4":[0,2],"5":[1,1],"6":[2,0],"7":[0,2],"8":[1,1],"9":[1,0],"10":[0,0],"11":[0,0],"12":[0,0],"13":[1,0]},"_coverageSchema":"1a1c01bbd47fc00a2c39e90264f33305004495a9","hash":"3a8ef036457a889d5450bfe56ade24596aa8ee59"}
,"D:\\Project\\Fernan\\pos\\src\\controllers\\user.controller.js": {"path":"D:\\Project\\Fernan\\pos\\src\\controllers\\user.controller.js","statementMap":{"0":{"start":{"line":1,"column":15},"end":{"line":1,"column":38}},"1":{"start":{"line":2,"column":15},"end":{"line":2,"column":32}},"2":{"start":{"line":7,"column":17},"end":{"line":64,"column":1}},"3":{"start":{"line":8,"column":4},"end":{"line":63,"column":5}},"4":{"start":{"line":15,"column":12},"end":{"line":15,"column":21}},"5":{"start":{"line":17,"column":24},"end":{"line":17,"column":51}},"6":{"start":{"line":18,"column":25},"end":{"line":18,"column":68}},"7":{"start":{"line":19,"column":21},"end":{"line":19,"column":45}},"8":{"start":{"line":21,"column":22},"end":{"line":21,"column":24}},"9":{"start":{"line":22,"column":8},"end":{"line":27,"column":9}},"10":{"start":{"line":23,"column":12},"end":{"line":26,"column":14}},"11":{"start":{"line":28,"column":8},"end":{"line":28,"column":36}},"12":{"start":{"line":28,"column":18},"end":{"line":28,"column":36}},"13":{"start":{"line":29,"column":8},"end":{"line":29,"column":69}},"14":{"start":{"line":29,"column":34},"end":{"line":29,"column":69}},"15":{"start":{"line":31,"column":31},"end":{"line":49,"column":10}},"16":{"start":{"line":51,"column":8},"end":{"line":60,"column":11}},"17":{"start":{"line":62,"column":8},"end":{"line":62,"column":20}},"18":{"start":{"line":67,"column":20},"end":{"line":93,"column":1}},"19":{"start":{"line":68,"column":4},"end":{"line":92,"column":5}},"20":{"start":{"line":69,"column":23},"end":{"line":69,"column":33}},"21":{"start":{"line":71,"column":21},"end":{"line":83,"column":10}},"22":{"start":{"line":85,"column":8},"end":{"line":87,"column":9}},"23":{"start":{"line":86,"column":12},"end":{"line":86,"column":87}},"24":{"start":{"line":89,"column":8},"end":{"line":89,"column":60}},"25":{"start":{"line":91,"column":8},"end":{"line":91,"column":20}},"26":{"start":{"line":96,"column":19},"end":{"line":128,"column":1}},"27":{"start":{"line":97,"column":4},"end":{"line":127,"column":5}},"28":{"start":{"line":98,"column":48},"end":{"line":98,"column":56}},"29":{"start":{"line":100,"column":25},"end":{"line":100,"column":75}},"30":{"start":{"line":101,"column":8},"end":{"line":103,"column":9}},"31":{"start":{"line":102,"column":12},"end":{"line":102,"column":97}},"32":{"start":{"line":105,"column":31},"end":{"line":105,"column":62}},"33":{"start":{"line":107,"column":24},"end":{"line":122,"column":10}},"34":{"start":{"line":124,"column":8},"end":{"line":124,"column":101}},"35":{"start":{"line":126,"column":8},"end":{"line":126,"column":20}},"36":{"start":{"line":131,"column":19},"end":{"line":177,"column":1}},"37":{"start":{"line":132,"column":4},"end":{"line":176,"column":5}},"38":{"start":{"line":133,"column":23},"end":{"line":133,"column":33}},"39":{"start":{"line":134,"column":48},"end":{"line":134,"column":56}},"40":{"start":{"line":137,"column":25},"end":{"line":137,"column":72}},"41":{"start":{"line":138,"column":8},"end":{"line":140,"column":9}},"42":{"start":{"line":139,"column":12},"end":{"line":139,"column":87}},"43":{"start":{"line":143,"column":8},"end":{"line":145,"column":9}},"44":{"start":{"line":144,"column":12},"end":{"line":144,"column":107}},"45":{"start":{"line":148,"column":8},"end":{"line":153,"column":9}},"46":{"start":{"line":149,"column":31},"end":{"line":149,"column":81}},"47":{"start":{"line":150,"column":12},"end":{"line":152,"column":13}},"48":{"start":{"line":151,"column":16},"end":{"line":151,"column":97}},"49":{"start":{"line":155,"column":28},"end":{"line":171,"column":10}},"50":{"start":{"line":173,"column":8},"end":{"line":173,"column":105}},"51":{"start":{"line":175,"column":8},"end":{"line":175,"column":20}},"52":{"start":{"line":180,"column":23},"end":{"line":202,"column":1}},"53":{"start":{"line":181,"column":4},"end":{"line":201,"column":5}},"54":{"start":{"line":182,"column":23},"end":{"line":182,"column":33}},"55":{"start":{"line":184,"column":8},"end":{"line":186,"column":9}},"56":{"start":{"line":185,"column":12},"end":{"line":185,"column":107}},"57":{"start":{"line":188,"column":21},"end":{"line":188,"column":68}},"58":{"start":{"line":189,"column":8},"end":{"line":191,"column":9}},"59":{"start":{"line":190,"column":12},"end":{"line":190,"column":87}},"60":{"start":{"line":193,"column":8},"end":{"line":196,"column":11}},"61":{"start":{"line":198,"column":8},"end":{"line":198,"column":101}},"62":{"start":{"line":200,"column":8},"end":{"line":200,"column":20}},"63":{"start":{"line":207,"column":19},"end":{"line":227,"column":1}},"64":{"start":{"line":208,"column":4},"end":{"line":226,"column":5}},"65":{"start":{"line":209,"column":21},"end":{"line":221,"column":10}},"66":{"start":{"line":223,"column":8},"end":{"line":223,"column":60}},"67":{"start":{"line":225,"column":8},"end":{"line":225,"column":20}},"68":{"start":{"line":230,"column":22},"end":{"line":266,"column":1}},"69":{"start":{"line":231,"column":4},"end":{"line":265,"column":5}},"70":{"start":{"line":232,"column":32},"end":{"line":232,"column":40}},"71":{"start":{"line":235,"column":8},"end":{"line":245,"column":9}},"72":{"start":{"line":236,"column":31},"end":{"line":241,"column":14}},"73":{"start":{"line":242,"column":12},"end":{"line":244,"column":13}},"74":{"start":{"line":243,"column":16},"end":{"line":243,"column":97}},"75":{"start":{"line":247,"column":28},"end":{"line":260,"column":10}},"76":{"start":{"line":262,"column":8},"end":{"line":262,"column":95}},"77":{"start":{"line":264,"column":8},"end":{"line":264,"column":20}},"78":{"start":{"line":269,"column":23},"end":{"line":293,"column":1}},"79":{"start":{"line":270,"column":4},"end":{"line":292,"column":5}},"80":{"start":{"line":271,"column":49},"end":{"line":271,"column":57}},"81":{"start":{"line":273,"column":21},"end":{"line":275,"column":10}},"82":{"start":{"line":277,"column":24},"end":{"line":277,"column":76}},"83":{"start":{"line":278,"column":8},"end":{"line":280,"column":9}},"84":{"start":{"line":279,"column":12},"end":{"line":279,"column":102}},"85":{"start":{"line":282,"column":31},"end":{"line":282,"column":65}},"86":{"start":{"line":284,"column":8},"end":{"line":287,"column":11}},"87":{"start":{"line":289,"column":8},"end":{"line":289,"column":90}},"88":{"start":{"line":291,"column":8},"end":{"line":291,"column":20}},"89":{"start":{"line":295,"column":0},"end":{"line":304,"column":2}}},"fnMap":{"0":{"name":"(anonymous_0)","decl":{"start":{"line":7,"column":17},"end":{"line":7,"column":18}},"loc":{"start":{"line":7,"column":43},"end":{"line":64,"column":1}},"line":7},"1":{"name":"(anonymous_1)","decl":{"start":{"line":67,"column":20},"end":{"line":67,"column":21}},"loc":{"start":{"line":67,"column":46},"end":{"line":93,"column":1}},"line":67},"2":{"name":"(anonymous_2)","decl":{"start":{"line":96,"column":19},"end":{"line":96,"column":20}},"loc":{"start":{"line":96,"column":45},"end":{"line":128,"column":1}},"line":96},"3":{"name":"(anonymous_3)","decl":{"start":{"line":131,"column":19},"end":{"line":131,"column":20}},"loc":{"start":{"line":131,"column":45},"end":{"line":177,"column":1}},"line":131},"4":{"name":"(anonymous_4)","decl":{"start":{"line":180,"column":23},"end":{"line":180,"column":24}},"loc":{"start":{"line":180,"column":49},"end":{"line":202,"column":1}},"line":180},"5":{"name":"(anonymous_5)","decl":{"start":{"line":207,"column":19},"end":{"line":207,"column":20}},"loc":{"start":{"line":207,"column":45},"end":{"line":227,"column":1}},"line":207},"6":{"name":"(anonymous_6)","decl":{"start":{"line":230,"column":22},"end":{"line":230,"column":23}},"loc":{"start":{"line":230,"column":48},"end":{"line":266,"column":1}},"line":230},"7":{"name":"(anonymous_7)","decl":{"start":{"line":269,"column":23},"end":{"line":269,"column":24}},"loc":{"start":{"line":269,"column":49},"end":{"line":293,"column":1}},"line":269}},"branchMap":{"0":{"loc":{"start":{"line":10,"column":12},"end":{"line":10,"column":20}},"type":"default-arg","locations":[{"start":{"line":10,"column":19},"end":{"line":10,"column":20}}],"line":10},"1":{"loc":{"start":{"line":11,"column":12},"end":{"line":11,"column":22}},"type":"default-arg","locations":[{"start":{"line":11,"column":20},"end":{"line":11,"column":22}}],"line":11},"2":{"loc":{"start":{"line":22,"column":8},"end":{"line":27,"column":9}},"type":"if","locations":[{"start":{"line":22,"column":8},"end":{"line":27,"column":9}},{"start":{},"end":{}}],"line":22},"3":{"loc":{"start":{"line":28,"column":8},"end":{"line":28,"column":36}},"type":"if","locations":[{"start":{"line":28,"column":8},"end":{"line":28,"column":36}},{"start":{},"end":{}}],"line":28},"4":{"loc":{"start":{"line":29,"column":8},"end":{"line":29,"column":69}},"type":"if","locations":[{"start":{"line":29,"column":8},"end":{"line":29,"column":69}},{"start":{},"end":{}}],"line":29},"5":{"loc":{"start":{"line":85,"column":8},"end":{"line":87,"column":9}},"type":"if","locations":[{"start":{"line":85,"column":8},"end":{"line":87,"column":9}},{"start":{},"end":{}}],"line":85},"6":{"loc":{"start":{"line":101,"column":8},"end":{"line":103,"column":9}},"type":"if","locations":[{"start":{"line":101,"column":8},"end":{"line":103,"column":9}},{"start":{},"end":{}}],"line":101},"7":{"loc":{"start":{"line":112,"column":22},"end":{"line":112,"column":39}},"type":"binary-expr","locations":[{"start":{"line":112,"column":22},"end":{"line":112,"column":26}},{"start":{"line":112,"column":30},"end":{"line":112,"column":39}}],"line":112},"8":{"loc":{"start":{"line":138,"column":8},"end":{"line":140,"column":9}},"type":"if","locations":[{"start":{"line":138,"column":8},"end":{"line":140,"column":9}},{"start":{},"end":{}}],"line":138},"9":{"loc":{"start":{"line":143,"column":8},"end":{"line":145,"column":9}},"type":"if","locations":[{"start":{"line":143,"column":8},"end":{"line":145,"column":9}},{"start":{},"end":{}}],"line":143},"10":{"loc":{"start":{"line":143,"column":12},"end":{"line":143,"column":52}},"type":"binary-expr","locations":[{"start":{"line":143,"column":12},"end":{"line":143,"column":30}},{"start":{"line":143,"column":34},"end":{"line":143,"column":52}}],"line":143},"11":{"loc":{"start":{"line":148,"column":8},"end":{"line":153,"column":9}},"type":"if","locations":[{"start":{"line":148,"column":8},"end":{"line":153,"column":9}},{"start":{},"end":{}}],"line":148},"12":{"loc":{"start":{"line":148,"column":12},"end":{"line":148,"column":45}},"type":"binary-expr","locations":[{"start":{"line":148,"column":12},"end":{"line":148,"column":17}},{"start":{"line":148,"column":21},"end":{"line":148,"column":45}}],"line":148},"13":{"loc":{"start":{"line":150,"column":12},"end":{"line":152,"column":13}},"type":"if","locations":[{"start":{"line":150,"column":12},"end":{"line":152,"column":13}},{"start":{},"end":{}}],"line":150},"14":{"loc":{"start":{"line":158,"column":20},"end":{"line":158,"column":50}},"type":"binary-expr","locations":[{"start":{"line":158,"column":20},"end":{"line":158,"column":38}},{"start":{"line":158,"column":42},"end":{"line":158,"column":50}}],"line":158},"15":{"loc":{"start":{"line":159,"column":20},"end":{"line":159,"column":52}},"type":"binary-expr","locations":[{"start":{"line":159,"column":20},"end":{"line":159,"column":39}},{"start":{"line":159,"column":43},"end":{"line":159,"column":52}}],"line":159},"16":{"loc":{"start":{"line":160,"column":20},"end":{"line":160,"column":50}},"type":"binary-expr","locations":[{"start":{"line":160,"column":20},"end":{"line":160,"column":38}},{"start":{"line":160,"column":42},"end":{"line":160,"column":50}}],"line":160},"17":{"loc":{"start":{"line":161,"column":20},"end":{"line":161,"column":58}},"type":"binary-expr","locations":[{"start":{"line":161,"column":20},"end":{"line":161,"column":42}},{"start":{"line":161,"column":46},"end":{"line":161,"column":58}}],"line":161},"18":{"loc":{"start":{"line":184,"column":8},"end":{"line":186,"column":9}},"type":"if","locations":[{"start":{"line":184,"column":8},"end":{"line":186,"column":9}},{"start":{},"end":{}}],"line":184},"19":{"loc":{"start":{"line":189,"column":8},"end":{"line":191,"column":9}},"type":"if","locations":[{"start":{"line":189,"column":8},"end":{"line":191,"column":9}},{"start":{},"end":{}}],"line":189},"20":{"loc":{"start":{"line":235,"column":8},"end":{"line":245,"column":9}},"type":"if","locations":[{"start":{"line":235,"column":8},"end":{"line":245,"column":9}},{"start":{},"end":{}}],"line":235},"21":{"loc":{"start":{"line":242,"column":12},"end":{"line":244,"column":13}},"type":"if","locations":[{"start":{"line":242,"column":12},"end":{"line":244,"column":13}},{"start":{},"end":{}}],"line":242},"22":{"loc":{"start":{"line":250,"column":20},"end":{"line":250,"column":50}},"type":"binary-expr","locations":[{"start":{"line":250,"column":20},"end":{"line":250,"column":38}},{"start":{"line":250,"column":42},"end":{"line":250,"column":50}}],"line":250},"23":{"loc":{"start":{"line":251,"column":20},"end":{"line":251,"column":52}},"type":"binary-expr","locations":[{"start":{"line":251,"column":20},"end":{"line":251,"column":39}},{"start":{"line":251,"column":43},"end":{"line":251,"column":52}}],"line":251},"24":{"loc":{"start":{"line":278,"column":8},"end":{"line":280,"column":9}},"type":"if","locations":[{"start":{"line":278,"column":8},"end":{"line":280,"column":9}},{"start":{},"end":{}}],"line":278}},"s":{"0":1,"1":1,"2":1,"3":1,"4":1,"5":1,"6":1,"7":1,"8":1,"9":1,"10":0,"11":1,"12":0,"13":1,"14":0,"15":1,"16":1,"17":0,"18":1,"19":0,"20":0,"21":0,"22":0,"23":0,"24":0,"25":0,"26":1,"27":2,"28":2,"29":2,"30":2,"31":1,"32":1,"33":1,"34":1,"35":0,"36":1,"37":0,"38":0,"39":0,"40":0,"41":0,"42":0,"43":0,"44":0,"45":0,"46":0,"47":0,"48":0,"49":0,"50":0,"51":0,"52":1,"53":2,"54":2,"55":2,"56":1,"57":1,"58":1,"59":0,"60":1,"61":1,"62":0,"63":1,"64":1,"65":1,"66":1,"67":0,"68":1,"69":0,"70":0,"71":0,"72":0,"73":0,"74":0,"75":0,"76":0,"77":0,"78":1,"79":2,"80":2,"81":2,"82":2,"83":2,"84":1,"85":1,"86":1,"87":1,"88":0,"89":1},"f":{"0":1,"1":0,"2":2,"3":0,"4":2,"5":1,"6":0,"7":2},"b":{"0":[1],"1":[1],"2":[0,1],"3":[0,1],"4":[0,1],"5":[0,0],"6":[1,1],"7":[1,1],"8":[0,0],"9":[0,0],"10":[0,0],"11":[0,0],"12":[0,0],"13":[0,0],"14":[0,0],"15":[0,0],"16":[0,0],"17":[0,0],"18":[1,1],"19":[0,1],"20":[0,0],"21":[0,0],"22":[0,0],"23":[0,0],"24":[1,1]},"_coverageSchema":"1a1c01bbd47fc00a2c39e90264f33305004495a9","hash":"9b4556ee5b4e830a9d43fa2a9466506a8538c34a"}
,"D:\\Project\\Fernan\\pos\\src\\middlewares\\auth.middleware.js": {"path":"D:\\Project\\Fernan\\pos\\src\\middlewares\\auth.middleware.js","statementMap":{"0":{"start":{"line":1,"column":12},"end":{"line":1,"column":35}},"1":{"start":{"line":2,"column":15},"end":{"line":2,"column":38}},"2":{"start":{"line":4,"column":21},"end":{"line":45,"column":1}},"3":{"start":{"line":5,"column":4},"end":{"line":44,"column":5}},"4":{"start":{"line":6,"column":27},"end":{"line":6,"column":52}},"5":{"start":{"line":8,"column":8},"end":{"line":13,"column":9}},"6":{"start":{"line":9,"column":12},"end":{"line":12,"column":15}},"7":{"start":{"line":15,"column":22},"end":{"line":15,"column":46}},"8":{"start":{"line":17,"column":8},"end":{"line":20,"column":9}},"9":{"start":{"line":18,"column":12},"end":{"line":18,"column":80}},"10":{"start":{"line":19,"column":12},"end":{"line":19,"column":94}},"11":{"start":{"line":22,"column":24},"end":{"line":22,"column":65}},"12":{"start":{"line":25,"column":21},"end":{"line":28,"column":10}},"13":{"start":{"line":30,"column":8},"end":{"line":35,"column":9}},"14":{"start":{"line":31,"column":12},"end":{"line":34,"column":15}},"15":{"start":{"line":37,"column":8},"end":{"line":37,"column":27}},"16":{"start":{"line":38,"column":8},"end":{"line":38,"column":15}},"17":{"start":{"line":40,"column":8},"end":{"line":42,"column":9}},"18":{"start":{"line":41,"column":13},"end":{"line":41,"column":91}},"19":{"start":{"line":43,"column":8},"end":{"line":43,"column":82}},"20":{"start":{"line":47,"column":0},"end":{"line":47,"column":34}}},"fnMap":{"0":{"name":"(anonymous_0)","decl":{"start":{"line":4,"column":21},"end":{"line":4,"column":22}},"loc":{"start":{"line":4,"column":47},"end":{"line":45,"column":1}},"line":4}},"branchMap":{"0":{"loc":{"start":{"line":8,"column":8},"end":{"line":13,"column":9}},"type":"if","locations":[{"start":{"line":8,"column":8},"end":{"line":13,"column":9}},{"start":{},"end":{}}],"line":8},"1":{"loc":{"start":{"line":8,"column":12},"end":{"line":8,"column":60}},"type":"binary-expr","locations":[{"start":{"line":8,"column":12},"end":{"line":8,"column":23}},{"start":{"line":8,"column":27},"end":{"line":8,"column":60}}],"line":8},"2":{"loc":{"start":{"line":17,"column":8},"end":{"line":20,"column":9}},"type":"if","locations":[{"start":{"line":17,"column":8},"end":{"line":20,"column":9}},{"start":{},"end":{}}],"line":17},"3":{"loc":{"start":{"line":30,"column":8},"end":{"line":35,"column":9}},"type":"if","locations":[{"start":{"line":30,"column":8},"end":{"line":35,"column":9}},{"start":{},"end":{}}],"line":30},"4":{"loc":{"start":{"line":30,"column":12},"end":{"line":30,"column":35}},"type":"binary-expr","locations":[{"start":{"line":30,"column":12},"end":{"line":30,"column":17}},{"start":{"line":30,"column":21},"end":{"line":30,"column":35}}],"line":30},"5":{"loc":{"start":{"line":40,"column":8},"end":{"line":42,"column":9}},"type":"if","locations":[{"start":{"line":40,"column":8},"end":{"line":42,"column":9}},{"start":{},"end":{}}],"line":40}},"s":{"0":2,"1":2,"2":2,"3":16,"4":16,"5":16,"6":0,"7":16,"8":16,"9":0,"10":0,"11":16,"12":16,"13":16,"14":0,"15":16,"16":16,"17":0,"18":0,"19":0,"20":2},"f":{"0":16},"b":{"0":[0,16],"1":[16,16],"2":[0,16],"3":[0,16],"4":[16,16],"5":[0,0]},"_coverageSchema":"1a1c01bbd47fc00a2c39e90264f33305004495a9","hash":"8250a92c87f83222534dc37ddba75eb25e1df7f1"}
,"D:\\Project\\Fernan\\pos\\src\\middlewares\\role.middleware.js": {"path":"D:\\Project\\Fernan\\pos\\src\\middlewares\\role.middleware.js","statementMap":{"0":{"start":{"line":5,"column":23},"end":{"line":24,"column":1}},"1":{"start":{"line":6,"column":4},"end":{"line":23,"column":6}},"2":{"start":{"line":8,"column":8},"end":{"line":13,"column":9}},"3":{"start":{"line":9,"column":12},"end":{"line":12,"column":15}},"4":{"start":{"line":15,"column":8},"end":{"line":20,"column":9}},"5":{"start":{"line":16,"column":12},"end":{"line":19,"column":15}},"6":{"start":{"line":22,"column":8},"end":{"line":22,"column":15}},"7":{"start":{"line":26,"column":0},"end":{"line":26,"column":36}}},"fnMap":{"0":{"name":"(anonymous_0)","decl":{"start":{"line":5,"column":23},"end":{"line":5,"column":24}},"loc":{"start":{"line":5,"column":44},"end":{"line":24,"column":1}},"line":5},"1":{"name":"(anonymous_1)","decl":{"start":{"line":6,"column":11},"end":{"line":6,"column":12}},"loc":{"start":{"line":6,"column":31},"end":{"line":23,"column":5}},"line":6}},"branchMap":{"0":{"loc":{"start":{"line":8,"column":8},"end":{"line":13,"column":9}},"type":"if","locations":[{"start":{"line":8,"column":8},"end":{"line":13,"column":9}},{"start":{},"end":{}}],"line":8},"1":{"loc":{"start":{"line":8,"column":12},"end":{"line":8,"column":39}},"type":"binary-expr","locations":[{"start":{"line":8,"column":12},"end":{"line":8,"column":21}},{"start":{"line":8,"column":25},"end":{"line":8,"column":39}}],"line":8},"2":{"loc":{"start":{"line":15,"column":8},"end":{"line":20,"column":9}},"type":"if","locations":[{"start":{"line":15,"column":8},"end":{"line":20,"column":9}},{"start":{},"end":{}}],"line":15}},"s":{"0":2,"1":6,"2":10,"3":0,"4":10,"5":0,"6":10,"7":2},"f":{"0":6,"1":10},"b":{"0":[0,10],"1":[10,10],"2":[0,10]},"_coverageSchema":"1a1c01bbd47fc00a2c39e90264f33305004495a9","hash":"152cb34c5521e3b5c9575b9b5e81dfc4cd7ee5ea"}
,"D:\\Project\\Fernan\\pos\\src\\middlewares\\validate.middleware.js": {"path":"D:\\Project\\Fernan\\pos\\src\\middlewares\\validate.middleware.js","statementMap":{"0":{"start":{"line":6,"column":17},"end":{"line":27,"column":1}},"1":{"start":{"line":7,"column":4},"end":{"line":26,"column":6}},"2":{"start":{"line":8,"column":23},"end":{"line":8,"column":49}},"3":{"start":{"line":10,"column":8},"end":{"line":21,"column":9}},"4":{"start":{"line":11,"column":27},"end":{"line":14,"column":15}},"5":{"start":{"line":11,"column":61},"end":{"line":14,"column":13}},"6":{"start":{"line":16,"column":12},"end":{"line":20,"column":15}},"7":{"start":{"line":24,"column":8},"end":{"line":24,"column":31}},"8":{"start":{"line":25,"column":8},"end":{"line":25,"column":15}},"9":{"start":{"line":29,"column":0},"end":{"line":29,"column":30}}},"fnMap":{"0":{"name":"(anonymous_0)","decl":{"start":{"line":6,"column":17},"end":{"line":6,"column":18}},"loc":{"start":{"line":6,"column":29},"end":{"line":27,"column":1}},"line":6},"1":{"name":"(anonymous_1)","decl":{"start":{"line":7,"column":11},"end":{"line":7,"column":12}},"loc":{"start":{"line":7,"column":31},"end":{"line":26,"column":5}},"line":7},"2":{"name":"(anonymous_2)","decl":{"start":{"line":11,"column":51},"end":{"line":11,"column":52}},"loc":{"start":{"line":11,"column":61},"end":{"line":14,"column":13}},"line":11}},"branchMap":{"0":{"loc":{"start":{"line":10,"column":8},"end":{"line":21,"column":9}},"type":"if","locations":[{"start":{"line":10,"column":8},"end":{"line":21,"column":9}},{"start":{},"end":{}}],"line":10}},"s":{"0":3,"1":8,"2":14,"3":14,"4":4,"5":10,"6":4,"7":10,"8":10,"9":3},"f":{"0":8,"1":14,"2":10},"b":{"0":[4,10]},"_coverageSchema":"1a1c01bbd47fc00a2c39e90264f33305004495a9","hash":"56753a0b42b2f7315f5c99f9ce2f7d810401ee91"}
,"D:\\Project\\Fernan\\pos\\src\\routes\\auth.routes.js": {"path":"D:\\Project\\Fernan\\pos\\src\\routes\\auth.routes.js","statementMap":{"0":{"start":{"line":1,"column":16},"end":{"line":1,"column":34}},"1":{"start":{"line":2,"column":15},"end":{"line":2,"column":31}},"2":{"start":{"line":3,"column":28},"end":{"line":3,"column":69}},"3":{"start":{"line":4,"column":21},"end":{"line":4,"column":66}},"4":{"start":{"line":5,"column":40},"end":{"line":5,"column":79}},"5":{"start":{"line":37,"column":0},"end":{"line":37,"column":61}},"6":{"start":{"line":60,"column":0},"end":{"line":60,"column":52}},"7":{"start":{"line":62,"column":0},"end":{"line":62,"column":24}}},"fnMap":{},"branchMap":{},"s":{"0":1,"1":1,"2":1,"3":1,"4":1,"5":1,"6":1,"7":1},"f":{},"b":{},"_coverageSchema":"1a1c01bbd47fc00a2c39e90264f33305004495a9","hash":"d3e8d4bed22bb2a093c075d1db2bda16c39a4b7a"}
,"D:\\Project\\Fernan\\pos\\src\\routes\\product.routes.js": {"path":"D:\\Project\\Fernan\\pos\\src\\routes\\product.routes.js","statementMap":{"0":{"start":{"line":1,"column":16},"end":{"line":1,"column":34}},"1":{"start":{"line":2,"column":15},"end":{"line":2,"column":31}},"2":{"start":{"line":3,"column":69},"end":{"line":3,"column":113}},"3":{"start":{"line":4,"column":25},"end":{"line":4,"column":66}},"4":{"start":{"line":5,"column":27},"end":{"line":5,"column":68}},"5":{"start":{"line":6,"column":21},"end":{"line":6,"column":66}},"6":{"start":{"line":7,"column":53},"end":{"line":7,"column":95}},"7":{"start":{"line":9,"column":0},"end":{"line":9,"column":25}},"8":{"start":{"line":47,"column":0},"end":{"line":47,"column":29}},"9":{"start":{"line":73,"column":20},"end":{"line":73,"column":57}},"10":{"start":{"line":74,"column":0},"end":{"line":74,"column":76}},"11":{"start":{"line":102,"column":0},"end":{"line":102,"column":78}},"12":{"start":{"line":119,"column":0},"end":{"line":119,"column":50}},"13":{"start":{"line":121,"column":0},"end":{"line":121,"column":24}}},"fnMap":{},"branchMap":{},"s":{"0":1,"1":1,"2":1,"3":1,"4":1,"5":1,"6":1,"7":1,"8":1,"9":1,"10":1,"11":1,"12":1,"13":1},"f":{},"b":{},"_coverageSchema":"1a1c01bbd47fc00a2c39e90264f33305004495a9","hash":"93d2eb34573bc95b1a7083279343d3bbcf033e2c"}
,"D:\\Project\\Fernan\\pos\\src\\routes\\user.routes.js": {"path":"D:\\Project\\Fernan\\pos\\src\\routes\\user.routes.js","statementMap":{"0":{"start":{"line":1,"column":16},"end":{"line":1,"column":34}},"1":{"start":{"line":2,"column":15},"end":{"line":2,"column":31}},"2":{"start":{"line":6,"column":4},"end":{"line":6,"column":45}},"3":{"start":{"line":7,"column":25},"end":{"line":7,"column":66}},"4":{"start":{"line":8,"column":27},"end":{"line":8,"column":68}},"5":{"start":{"line":9,"column":21},"end":{"line":9,"column":66}},"6":{"start":{"line":13,"column":4},"end":{"line":13,"column":43}},"7":{"start":{"line":15,"column":0},"end":{"line":15,"column":25}},"8":{"start":{"line":35,"column":0},"end":{"line":35,"column":30}},"9":{"start":{"line":55,"column":0},"end":{"line":55,"column":64}},"10":{"start":{"line":77,"column":0},"end":{"line":77,"column":75}},"11":{"start":{"line":107,"column":0},"end":{"line":107,"column":51}},"12":{"start":{"line":131,"column":0},"end":{"line":131,"column":82}},"13":{"start":{"line":148,"column":0},"end":{"line":148,"column":57}},"14":{"start":{"line":175,"column":0},"end":{"line":175,"column":84}},"15":{"start":{"line":193,"column":0},"end":{"line":193,"column":73}},"16":{"start":{"line":195,"column":0},"end":{"line":195,"column":24}}},"fnMap":{},"branchMap":{},"s":{"0":1,"1":1,"2":1,"3":1,"4":1,"5":1,"6":1,"7":1,"8":1,"9":1,"10":1,"11":1,"12":1,"13":1,"14":1,"15":1,"16":1},"f":{},"b":{},"_coverageSchema":"1a1c01bbd47fc00a2c39e90264f33305004495a9","hash":"78ea1a50706b3393d2499b47dd4ca0a8d78612d2"}
,"D:\\Project\\Fernan\\pos\\src\\utils\\csv.util.js": {"path":"D:\\Project\\Fernan\\pos\\src\\utils\\csv.util.js","statementMap":{"0":{"start":{"line":7,"column":21},"end":{"line":20,"column":1}},"1":{"start":{"line":9,"column":22},"end":{"line":9,"column":78}},"2":{"start":{"line":9,"column":41},"end":{"line":9,"column":67}},"3":{"start":{"line":12,"column":21},"end":{"line":17,"column":6}},"4":{"start":{"line":13,"column":8},"end":{"line":16,"column":21}},"5":{"start":{"line":14,"column":26},"end":{"line":14,"column":38}},"6":{"start":{"line":15,"column":12},"end":{"line":15,"column":94}},"7":{"start":{"line":19,"column":4},"end":{"line":19,"column":47}},"8":{"start":{"line":26,"column":23},"end":{"line":31,"column":1}},"9":{"start":{"line":27,"column":4},"end":{"line":29,"column":5}},"10":{"start":{"line":28,"column":8},"end":{"line":28,"column":48}},"11":{"start":{"line":30,"column":4},"end":{"line":30,"column":17}},"12":{"start":{"line":39,"column":24},"end":{"line":43,"column":1}},"13":{"start":{"line":40,"column":4},"end":{"line":40,"column":46}},"14":{"start":{"line":41,"column":4},"end":{"line":41,"column":79}},"15":{"start":{"line":42,"column":4},"end":{"line":42,"column":43}},"16":{"start":{"line":45,"column":0},"end":{"line":45,"column":51}}},"fnMap":{"0":{"name":"(anonymous_0)","decl":{"start":{"line":7,"column":21},"end":{"line":7,"column":22}},"loc":{"start":{"line":7,"column":40},"end":{"line":20,"column":1}},"line":7},"1":{"name":"(anonymous_1)","decl":{"start":{"line":9,"column":34},"end":{"line":9,"column":35}},"loc":{"start":{"line":9,"column":41},"end":{"line":9,"column":67}},"line":9},"2":{"name":"(anonymous_2)","decl":{"start":{"line":12,"column":30},"end":{"line":12,"column":31}},"loc":{"start":{"line":12,"column":37},"end":{"line":17,"column":5}},"line":12},"3":{"name":"(anonymous_3)","decl":{"start":{"line":13,"column":27},"end":{"line":13,"column":28}},"loc":{"start":{"line":13,"column":34},"end":{"line":16,"column":9}},"line":13},"4":{"name":"(anonymous_4)","decl":{"start":{"line":26,"column":23},"end":{"line":26,"column":24}},"loc":{"start":{"line":26,"column":34},"end":{"line":31,"column":1}},"line":26},"5":{"name":"(anonymous_5)","decl":{"start":{"line":39,"column":24},"end":{"line":39,"column":25}},"loc":{"start":{"line":39,"column":54},"end":{"line":43,"column":1}},"line":39}},"branchMap":{"0":{"loc":{"start":{"line":15,"column":34},"end":{"line":15,"column":92}},"type":"cond-expr","locations":[{"start":{"line":15,"column":74},"end":{"line":15,"column":87}},{"start":{"line":15,"column":90},"end":{"line":15,"column":92}}],"line":15},"1":{"loc":{"start":{"line":15,"column":34},"end":{"line":15,"column":71}},"type":"binary-expr","locations":[{"start":{"line":15,"column":34},"end":{"line":15,"column":53}},{"start":{"line":15,"column":57},"end":{"line":15,"column":71}}],"line":15},"2":{"loc":{"start":{"line":27,"column":4},"end":{"line":29,"column":5}},"type":"if","locations":[{"start":{"line":27,"column":4},"end":{"line":29,"column":5}},{"start":{},"end":{}}],"line":27},"3":{"loc":{"start":{"line":27,"column":8},"end":{"line":27,"column":74}},"type":"binary-expr","locations":[{"start":{"line":27,"column":8},"end":{"line":27,"column":27}},{"start":{"line":27,"column":31},"end":{"line":27,"column":50}},{"start":{"line":27,"column":54},"end":{"line":27,"column":74}}],"line":27}},"s":{"0":1,"1":5,"2":15,"3":5,"4":5,"5":15,"6":15,"7":5,"8":1,"9":30,"10":2,"11":28,"12":1,"13":0,"14":0,"15":0,"16":1},"f":{"0":5,"1":15,"2":5,"3":15,"4":30,"5":0},"b":{"0":[13,2],"1":[15,14],"2":[2,28],"3":[30,29,28]},"_coverageSchema":"1a1c01bbd47fc00a2c39e90264f33305004495a9","hash":"3cae2326a292da9a9aa77a752a0c90d141647d19"}
,"D:\\Project\\Fernan\\pos\\src\\validators\\auth.validator.js": {"path":"D:\\Project\\Fernan\\pos\\src\\validators\\auth.validator.js","statementMap":{"0":{"start":{"line":1,"column":14},"end":{"line":1,"column":28}},"1":{"start":{"line":3,"column":23},"end":{"line":8,"column":2}},"2":{"start":{"line":10,"column":20},"end":{"line":13,"column":2}},"3":{"start":{"line":15,"column":0},"end":{"line":15,"column":49}}},"fnMap":{},"branchMap":{},"s":{"0":2,"1":2,"2":2,"3":2},"f":{},"b":{},"_coverageSchema":"1a1c01bbd47fc00a2c39e90264f33305004495a9","hash":"acc7ca1f32f2f35ff58be888ee8b63ef456ba0b2"}
,"D:\\Project\\Fernan\\pos\\src\\validators\\cart.validator.js": {"path":"D:\\Project\\Fernan\\pos\\src\\validators\\cart.validator.js","statementMap":{"0":{"start":{"line":1,"column":14},"end":{"line":1,"column":28}},"1":{"start":{"line":3,"column":24},"end":{"line":6,"column":2}},"2":{"start":{"line":8,"column":29},"end":{"line":10,"column":2}},"3":{"start":{"line":12,"column":0},"end":{"line":12,"column":59}}},"fnMap":{},"branchMap":{},"s":{"0":1,"1":1,"2":1,"3":1},"f":{},"b":{},"_coverageSchema":"1a1c01bbd47fc00a2c39e90264f33305004495a9","hash":"8dfea0a65bbab4d82d31d5e30787bd6ffb3231bf"}
,"D:\\Project\\Fernan\\pos\\src\\validators\\category.validator.js": {"path":"D:\\Project\\Fernan\\pos\\src\\validators\\category.validator.js","statementMap":{"0":{"start":{"line":1,"column":14},"end":{"line":1,"column":28}},"1":{"start":{"line":3,"column":29},"end":{"line":6,"column":2}},"2":{"start":{"line":8,"column":0},"end":{"line":8,"column":42}}},"fnMap":{},"branchMap":{},"s":{"0":1,"1":1,"2":1},"f":{},"b":{},"_coverageSchema":"1a1c01bbd47fc00a2c39e90264f33305004495a9","hash":"a70ed163f27a8fa78b09f58d71b7b179796bf0bc"}
,"D:\\Project\\Fernan\\pos\\src\\validators\\discount.validator.js": {"path":"D:\\Project\\Fernan\\pos\\src\\validators\\discount.validator.js","statementMap":{"0":{"start":{"line":1,"column":14},"end":{"line":1,"column":28}},"1":{"start":{"line":3,"column":29},"end":{"line":12,"column":2}},"2":{"start":{"line":4,"column":74},"end":{"line":4,"column":91}},"3":{"start":{"line":14,"column":29},"end":{"line":23,"column":2}},"4":{"start":{"line":15,"column":45},"end":{"line":15,"column":62}},"5":{"start":{"line":25,"column":31},"end":{"line":28,"column":2}},"6":{"start":{"line":26,"column":74},"end":{"line":26,"column":91}},"7":{"start":{"line":30,"column":0},"end":{"line":30,"column":88}}},"fnMap":{"0":{"name":"(anonymous_0)","decl":{"start":{"line":4,"column":67},"end":{"line":4,"column":68}},"loc":{"start":{"line":4,"column":74},"end":{"line":4,"column":91}},"line":4},"1":{"name":"(anonymous_1)","decl":{"start":{"line":15,"column":38},"end":{"line":15,"column":39}},"loc":{"start":{"line":15,"column":45},"end":{"line":15,"column":62}},"line":15},"2":{"name":"(anonymous_2)","decl":{"start":{"line":26,"column":67},"end":{"line":26,"column":68}},"loc":{"start":{"line":26,"column":74},"end":{"line":26,"column":91}},"line":26}},"branchMap":{},"s":{"0":1,"1":1,"2":4,"3":1,"4":0,"5":1,"6":2,"7":1},"f":{"0":4,"1":0,"2":2},"b":{},"_coverageSchema":"1a1c01bbd47fc00a2c39e90264f33305004495a9","hash":"75d00db1dafe03f5a280d1e202f62e64c8fedcc7"}
,"D:\\Project\\Fernan\\pos\\src\\validators\\order.validator.js": {"path":"D:\\Project\\Fernan\\pos\\src\\validators\\order.validator.js","statementMap":{"0":{"start":{"line":1,"column":14},"end":{"line":1,"column":28}},"1":{"start":{"line":3,"column":26},"end":{"line":11,"column":2}},"2":{"start":{"line":13,"column":23},"end":{"line":15,"column":25}},"3":{"start":{"line":17,"column":0},"end":{"line":17,"column":55}}},"fnMap":{},"branchMap":{},"s":{"0":1,"1":1,"2":1,"3":1},"f":{},"b":{},"_coverageSchema":"1a1c01bbd47fc00a2c39e90264f33305004495a9","hash":"101a4bd92a24562ffb5ed445e44e9c53f24e18ce"}
,"D:\\Project\\Fernan\\pos\\src\\validators\\product.validator.js": {"path":"D:\\Project\\Fernan\\pos\\src\\validators\\product.validator.js","statementMap":{"0":{"start":{"line":1,"column":14},"end":{"line":1,"column":28}},"1":{"start":{"line":3,"column":28},"end":{"line":9,"column":2}},"2":{"start":{"line":11,"column":28},"end":{"line":17,"column":2}},"3":{"start":{"line":19,"column":0},"end":{"line":19,"column":62}}},"fnMap":{},"branchMap":{},"s":{"0":2,"1":2,"2":2,"3":2},"f":{},"b":{},"_coverageSchema":"1a1c01bbd47fc00a2c39e90264f33305004495a9","hash":"17fbd1ce41f13291c169d73e8557562e57ac5d57"}
,"D:\\Project\\Fernan\\pos\\src\\validators\\user.validator.js": {"path":"D:\\Project\\Fernan\\pos\\src\\validators\\user.validator.js","statementMap":{"0":{"start":{"line":1,"column":14},"end":{"line":1,"column":28}},"1":{"start":{"line":3,"column":25},"end":{"line":8,"column":2}},"2":{"start":{"line":10,"column":25},"end":{"line":15,"column":2}},"3":{"start":{"line":17,"column":28},"end":{"line":20,"column":2}},"4":{"start":{"line":22,"column":29},"end":{"line":25,"column":2}},"5":{"start":{"line":27,"column":0},"end":{"line":32,"column":2}}},"fnMap":{},"branchMap":{},"s":{"0":2,"1":2,"2":2,"3":2,"4":2,"5":2},"f":{},"b":{},"_coverageSchema":"1a1c01bbd47fc00a2c39e90264f33305004495a9","hash":"01b82d2afc2ea765ce8890b72b7200461320de6d"}
,"D:\\Project\\Fernan\\pos\\tests\\mocks\\prisma.mock.js": {"path":"D:\\Project\\Fernan\\pos\\tests\\mocks\\prisma.mock.js","statementMap":{"0":{"start":{"line":2,"column":19},"end":{"line":67,"column":1}},"1":{"start":{"line":66,"column":34},"end":{"line":66,"column":48}},"2":{"start":{"line":69,"column":0},"end":{"line":69,"column":28}}},"fnMap":{"0":{"name":"(anonymous_0)","decl":{"start":{"line":66,"column":26},"end":{"line":66,"column":27}},"loc":{"start":{"line":66,"column":34},"end":{"line":66,"column":48}},"line":66}},"branchMap":{},"s":{"0":3,"1":0,"2":3},"f":{"0":0},"b":{},"_coverageSchema":"1a1c01bbd47fc00a2c39e90264f33305004495a9","hash":"22bb4745424ccabafeb9784993f9a10a4f1a43ac"}
}
