TN:
SF:src\controllers\auth.controller.js
FN:6,(anonymous_0)
FN:51,(anonymous_1)
FNF:2
FNH:2
FNDA:2,(anonymous_0)
FNDA:2,(anonymous_1)
DA:1,1
DA:2,1
DA:3,1
DA:6,1
DA:7,2
DA:8,2
DA:10,2
DA:11,0
DA:15,2
DA:16,2
DA:17,0
DA:20,2
DA:21,2
DA:22,1
DA:25,1
DA:26,1
DA:28,1
DA:38,1
DA:40,1
DA:46,0
DA:51,1
DA:52,2
DA:53,2
DA:55,2
DA:56,0
DA:59,2
DA:61,2
DA:62,1
DA:65,1
DA:66,1
DA:67,0
DA:70,1
DA:76,1
DA:78,1
DA:91,0
DA:95,1
LF:36
LH:30
BRDA:10,0,0,0
BRDA:10,0,1,2
BRDA:10,1,0,2
BRDA:10,1,1,2
BRDA:10,1,2,2
BRDA:16,2,0,0
BRDA:16,2,1,2
BRDA:16,3,0,2
BRDA:16,3,1,0
BRDA:21,4,0,1
BRDA:21,4,1,1
BRDA:33,5,0,1
BRDA:33,5,1,1
BRDA:55,6,0,0
BRDA:55,6,1,2
BRDA:55,7,0,2
BRDA:55,7,1,2
BRDA:61,8,0,1
BRDA:61,8,1,1
BRDA:66,9,0,0
BRDA:66,9,1,1
BRF:21
BRH:16
end_of_record
TN:
SF:src\controllers\product.controller.js
FN:4,(anonymous_0)
FN:58,(anonymous_1)
FN:82,(anonymous_2)
FN:111,(anonymous_3)
FNF:4
FNH:3
FNDA:2,(anonymous_0)
FNDA:2,(anonymous_1)
FNDA:0,(anonymous_2)
FNDA:2,(anonymous_3)
DA:1,1
DA:4,1
DA:5,2
DA:13,2
DA:15,2
DA:16,2
DA:17,2
DA:20,2
DA:21,2
DA:22,2
DA:23,1
DA:27,2
DA:28,2
DA:29,2
DA:31,2
DA:42,2
DA:53,0
DA:58,1
DA:59,2
DA:60,2
DA:63,2
DA:64,2
DA:65,1
DA:68,1
DA:72,1
DA:74,0
DA:75,0
DA:77,0
DA:82,1
DA:83,0
DA:84,0
DA:85,0
DA:87,0
DA:98,0
DA:100,0
DA:101,0
DA:103,0
DA:104,0
DA:106,0
DA:111,1
DA:112,2
DA:113,2
DA:114,2
DA:115,1
DA:117,1
DA:118,1
DA:120,0
DA:124,1
LF:48
LH:33
BRDA:9,0,0,2
BRDA:10,1,0,2
BRDA:11,2,0,2
BRDA:12,3,0,2
BRDA:21,4,0,0
BRDA:21,4,1,2
BRDA:22,5,0,1
BRDA:22,5,1,1
BRDA:28,6,0,2
BRDA:28,6,1,0
BRDA:29,7,0,0
BRDA:29,7,1,2
BRDA:64,8,0,1
BRDA:64,8,1,1
BRDA:69,9,0,1
BRDA:69,9,1,0
BRDA:74,10,0,0
BRDA:74,10,1,0
BRDA:100,11,0,0
BRDA:100,11,1,0
BRDA:103,12,0,0
BRDA:103,12,1,0
BRDA:117,13,0,1
BRDA:117,13,1,0
BRF:24
BRH:13
end_of_record
TN:
SF:src\controllers\user.controller.js
FN:7,(anonymous_0)
FN:67,(anonymous_1)
FN:96,(anonymous_2)
FN:131,(anonymous_3)
FN:180,(anonymous_4)
FN:207,(anonymous_5)
FN:230,(anonymous_6)
FN:269,(anonymous_7)
FNF:8
FNH:5
FNDA:1,(anonymous_0)
FNDA:0,(anonymous_1)
FNDA:2,(anonymous_2)
FNDA:0,(anonymous_3)
FNDA:2,(anonymous_4)
FNDA:1,(anonymous_5)
FNDA:0,(anonymous_6)
FNDA:2,(anonymous_7)
DA:1,1
DA:2,1
DA:7,1
DA:8,1
DA:15,1
DA:17,1
DA:18,1
DA:19,1
DA:21,1
DA:22,1
DA:23,0
DA:28,1
DA:29,1
DA:31,1
DA:51,1
DA:62,0
DA:67,1
DA:68,0
DA:69,0
DA:71,0
DA:85,0
DA:86,0
DA:89,0
DA:91,0
DA:96,1
DA:97,2
DA:98,2
DA:100,2
DA:101,2
DA:102,1
DA:105,1
DA:107,1
DA:124,1
DA:126,0
DA:131,1
DA:132,0
DA:133,0
DA:134,0
DA:137,0
DA:138,0
DA:139,0
DA:143,0
DA:144,0
DA:148,0
DA:149,0
DA:150,0
DA:151,0
DA:155,0
DA:173,0
DA:175,0
DA:180,1
DA:181,2
DA:182,2
DA:184,2
DA:185,1
DA:188,1
DA:189,1
DA:190,0
DA:193,1
DA:198,1
DA:200,0
DA:207,1
DA:208,1
DA:209,1
DA:223,1
DA:225,0
DA:230,1
DA:231,0
DA:232,0
DA:235,0
DA:236,0
DA:242,0
DA:243,0
DA:247,0
DA:262,0
DA:264,0
DA:269,1
DA:270,2
DA:271,2
DA:273,2
DA:277,2
DA:278,2
DA:279,1
DA:282,1
DA:284,1
DA:289,1
DA:291,0
DA:295,1
LF:88
LH:50
BRDA:10,0,0,1
BRDA:11,1,0,1
BRDA:22,2,0,0
BRDA:22,2,1,1
BRDA:28,3,0,0
BRDA:28,3,1,1
BRDA:29,4,0,0
BRDA:29,4,1,1
BRDA:85,5,0,0
BRDA:85,5,1,0
BRDA:101,6,0,1
BRDA:101,6,1,1
BRDA:112,7,0,1
BRDA:112,7,1,1
BRDA:138,8,0,0
BRDA:138,8,1,0
BRDA:143,9,0,0
BRDA:143,9,1,0
BRDA:143,10,0,0
BRDA:143,10,1,0
BRDA:148,11,0,0
BRDA:148,11,1,0
BRDA:148,12,0,0
BRDA:148,12,1,0
BRDA:150,13,0,0
BRDA:150,13,1,0
BRDA:158,14,0,0
BRDA:158,14,1,0
BRDA:159,15,0,0
BRDA:159,15,1,0
BRDA:160,16,0,0
BRDA:160,16,1,0
BRDA:161,17,0,0
BRDA:161,17,1,0
BRDA:184,18,0,1
BRDA:184,18,1,1
BRDA:189,19,0,0
BRDA:189,19,1,1
BRDA:235,20,0,0
BRDA:235,20,1,0
BRDA:242,21,0,0
BRDA:242,21,1,0
BRDA:250,22,0,0
BRDA:250,22,1,0
BRDA:251,23,0,0
BRDA:251,23,1,0
BRDA:278,24,0,1
BRDA:278,24,1,1
BRF:48
BRH:14
end_of_record
TN:
SF:src\middlewares\auth.middleware.js
FN:4,(anonymous_0)
FNF:1
FNH:1
FNDA:16,(anonymous_0)
DA:1,2
DA:2,2
DA:4,2
DA:5,16
DA:6,16
DA:8,16
DA:9,0
DA:15,16
DA:17,16
DA:18,0
DA:19,0
DA:22,16
DA:25,16
DA:30,16
DA:31,0
DA:37,16
DA:38,16
DA:40,0
DA:41,0
DA:43,0
DA:47,2
LF:21
LH:14
BRDA:8,0,0,0
BRDA:8,0,1,16
BRDA:8,1,0,16
BRDA:8,1,1,16
BRDA:17,2,0,0
BRDA:17,2,1,16
BRDA:30,3,0,0
BRDA:30,3,1,16
BRDA:30,4,0,16
BRDA:30,4,1,16
BRDA:40,5,0,0
BRDA:40,5,1,0
BRF:12
BRH:7
end_of_record
TN:
SF:src\middlewares\role.middleware.js
FN:5,(anonymous_0)
FN:6,(anonymous_1)
FNF:2
FNH:2
FNDA:6,(anonymous_0)
FNDA:10,(anonymous_1)
DA:5,2
DA:6,6
DA:8,10
DA:9,0
DA:15,10
DA:16,0
DA:22,10
DA:26,2
LF:8
LH:6
BRDA:8,0,0,0
BRDA:8,0,1,10
BRDA:8,1,0,10
BRDA:8,1,1,10
BRDA:15,2,0,0
BRDA:15,2,1,10
BRF:6
BRH:4
end_of_record
TN:
SF:src\middlewares\validate.middleware.js
FN:6,(anonymous_0)
FN:7,(anonymous_1)
FN:11,(anonymous_2)
FNF:3
FNH:3
FNDA:8,(anonymous_0)
FNDA:14,(anonymous_1)
FNDA:10,(anonymous_2)
DA:6,3
DA:7,8
DA:8,14
DA:10,14
DA:11,10
DA:16,4
DA:24,10
DA:25,10
DA:29,3
LF:9
LH:9
BRDA:10,0,0,4
BRDA:10,0,1,10
BRF:2
BRH:2
end_of_record
TN:
SF:src\routes\auth.routes.js
FNF:0
FNH:0
DA:1,1
DA:2,1
DA:3,1
DA:4,1
DA:5,1
DA:37,1
DA:60,1
DA:62,1
LF:8
LH:8
BRF:0
BRH:0
end_of_record
TN:
SF:src\routes\product.routes.js
FNF:0
FNH:0
DA:1,1
DA:2,1
DA:3,1
DA:4,1
DA:5,1
DA:6,1
DA:7,1
DA:9,1
DA:47,1
DA:73,1
DA:74,1
DA:102,1
DA:119,1
DA:121,1
LF:14
LH:14
BRF:0
BRH:0
end_of_record
TN:
SF:src\routes\user.routes.js
FNF:0
FNH:0
DA:1,1
DA:2,1
DA:6,1
DA:7,1
DA:8,1
DA:9,1
DA:13,1
DA:15,1
DA:35,1
DA:55,1
DA:77,1
DA:107,1
DA:131,1
DA:148,1
DA:175,1
DA:193,1
DA:195,1
LF:17
LH:17
BRF:0
BRH:0
end_of_record
TN:
SF:src\utils\csv.util.js
FN:7,(anonymous_0)
FN:9,(anonymous_1)
FN:12,(anonymous_2)
FN:13,(anonymous_3)
FN:26,(anonymous_4)
FN:39,(anonymous_5)
FNF:6
FNH:5
FNDA:5,(anonymous_0)
FNDA:15,(anonymous_1)
FNDA:5,(anonymous_2)
FNDA:15,(anonymous_3)
FNDA:30,(anonymous_4)
FNDA:0,(anonymous_5)
DA:7,1
DA:9,15
DA:12,5
DA:13,5
DA:14,15
DA:15,15
DA:19,5
DA:26,1
DA:27,30
DA:28,2
DA:30,28
DA:39,1
DA:40,0
DA:41,0
DA:42,0
DA:45,1
LF:16
LH:13
BRDA:15,0,0,13
BRDA:15,0,1,2
BRDA:15,1,0,15
BRDA:15,1,1,14
BRDA:27,2,0,2
BRDA:27,2,1,28
BRDA:27,3,0,30
BRDA:27,3,1,29
BRDA:27,3,2,28
BRF:9
BRH:9
end_of_record
TN:
SF:src\validators\auth.validator.js
FNF:0
FNH:0
DA:1,2
DA:3,2
DA:10,2
DA:15,2
LF:4
LH:4
BRF:0
BRH:0
end_of_record
TN:
SF:src\validators\cart.validator.js
FNF:0
FNH:0
DA:1,1
DA:3,1
DA:8,1
DA:12,1
LF:4
LH:4
BRF:0
BRH:0
end_of_record
TN:
SF:src\validators\category.validator.js
FNF:0
FNH:0
DA:1,1
DA:3,1
DA:8,1
LF:3
LH:3
BRF:0
BRH:0
end_of_record
TN:
SF:src\validators\discount.validator.js
FN:4,(anonymous_0)
FN:15,(anonymous_1)
FN:26,(anonymous_2)
FNF:3
FNH:2
FNDA:4,(anonymous_0)
FNDA:0,(anonymous_1)
FNDA:2,(anonymous_2)
DA:1,1
DA:3,1
DA:4,4
DA:14,1
DA:15,0
DA:25,1
DA:26,2
DA:30,1
LF:8
LH:7
BRF:0
BRH:0
end_of_record
TN:
SF:src\validators\order.validator.js
FNF:0
FNH:0
DA:1,1
DA:3,1
DA:13,1
DA:17,1
LF:4
LH:4
BRF:0
BRH:0
end_of_record
TN:
SF:src\validators\product.validator.js
FNF:0
FNH:0
DA:1,2
DA:3,2
DA:11,2
DA:19,2
LF:4
LH:4
BRF:0
BRH:0
end_of_record
TN:
SF:src\validators\user.validator.js
FNF:0
FNH:0
DA:1,2
DA:3,2
DA:10,2
DA:17,2
DA:22,2
DA:27,2
LF:6
LH:6
BRF:0
BRH:0
end_of_record
TN:
SF:tests\mocks\prisma.mock.js
FN:66,(anonymous_0)
FNF:1
FNH:0
FNDA:0,(anonymous_0)
DA:2,3
DA:66,0
DA:69,3
LF:3
LH:2
BRF:0
BRH:0
end_of_record
